<?xml version="1.0" encoding="UTF-8"?>
<testsuite xmlns:xsi="http://www.w3.org/2001/XMLSchema-instance" xsi:schemaLocation="https://maven.apache.org/surefire/maven-surefire-plugin/xsd/surefire-test-report.xsd" name="com.mycompany.camel.blueprint.RouteTest" time="0.089" tests="1" errors="0" skipped="1" failures="0">
  <properties>
    <property name="java.vendor" value="Oracle Corporation"/>
    <property name="osgi.bundles.defaultStartLevel" value="4"/>
    <property name="org.eclipse.debug.ui.breakpoints.toggleFactoriesUsed" value="false"/>
    <property name="sun.java.launcher" value="SUN_STANDARD"/>
    <property name="org.osgi.supports.framework.extension" value="true"/>
    <property name="sun.management.compiler" value="HotSpot 64-Bit Tiered Compilers"/>
    <property name="eclipse.p2.profile" value="jbds"/>
    <property name="os.name" value="Windows 10"/>
    <property name="sun.boot.class.path" value="C:\Java\jdk1.8.0_60\jre\lib\resources.jar;C:\Java\jdk1.8.0_60\jre\lib\rt.jar;C:\Java\jdk1.8.0_60\jre\lib\sunrsasign.jar;C:\Java\jdk1.8.0_60\jre\lib\jsse.jar;C:\Java\jdk1.8.0_60\jre\lib\jce.jar;C:\Java\jdk1.8.0_60\jre\lib\charsets.jar;C:\Java\jdk1.8.0_60\jre\lib\jfr.jar;C:\Java\jdk1.8.0_60\jre\classes"/>
    <property name="osgi.ws" value="win32"/>
    <property name="sun.desktop" value="windows"/>
    <property name="java.vm.specification.vendor" value="Oracle Corporation"/>
    <property name="java.runtime.version" value="1.8.0_60-b27"/>
    <property name="osgi.instance.area" value="file:/C:/JBoss/Workspaces/"/>
    <property name="org.osgi.framework.uuid" value="00521614-d057-0016-14af-92a7650e01b6"/>
    <property name="user.name" value="Zoli"/>
    <property name="osgi.framework.extensions" value="reference:file:org.eclipse.osgi.compatibility.state_1.0.1.v20140709-1414.jar"/>
    <property name="org.osgi.framework.system.packages" value="javax.accessibility,javax.activation,javax.activity,javax.annotation,javax.annotation.processing,javax.crypto,javax.crypto.interfaces,javax.crypto.spec,javax.imageio,javax.imageio.event,javax.imageio.metadata,javax.imageio.plugins.bmp,javax.imageio.plugins.jpeg,javax.imageio.spi,javax.imageio.stream,javax.jws,javax.jws.soap,javax.lang.model,javax.lang.model.element,javax.lang.model.type,javax.lang.model.util,javax.management,javax.management.loading,javax.management.modelmbean,javax.management.monitor,javax.management.openmbean,javax.management.relation,javax.management.remote,javax.management.remote.rmi,javax.management.timer,javax.naming,javax.naming.directory,javax.naming.event,javax.naming.ldap,javax.naming.spi,javax.net,javax.net.ssl,javax.print,javax.print.attribute,javax.print.attribute.standard,javax.print.event,javax.rmi,javax.rmi.CORBA,javax.rmi.ssl,javax.script,javax.security.auth,javax.security.auth.callback,javax.security.auth.kerberos,javax.security.auth.login,javax.security.auth.spi,javax.security.auth.x500,javax.security.cert,javax.security.sasl,javax.sound.midi,javax.sound.midi.spi,javax.sound.sampled,javax.sound.sampled.spi,javax.sql,javax.sql.rowset,javax.sql.rowset.serial,javax.sql.rowset.spi,javax.swing,javax.swing.border,javax.swing.colorchooser,javax.swing.event,javax.swing.filechooser,javax.swing.plaf,javax.swing.plaf.basic,javax.swing.plaf.metal,javax.swing.plaf.multi,javax.swing.plaf.nimbus,javax.swing.plaf.synth,javax.swing.table,javax.swing.text,javax.swing.text.html,javax.swing.text.html.parser,javax.swing.text.rtf,javax.swing.tree,javax.swing.undo,javax.tools,javax.transaction,javax.transaction.xa,javax.xml,javax.xml.bind,javax.xml.bind.annotation,javax.xml.bind.annotation.adapters,javax.xml.bind.attachment,javax.xml.bind.helpers,javax.xml.bind.util,javax.xml.crypto,javax.xml.crypto.dom,javax.xml.crypto.dsig,javax.xml.crypto.dsig.dom,javax.xml.crypto.dsig.keyinfo,javax.xml.crypto.dsig.spec,javax.xml.datatype,javax.xml.namespace,javax.xml.parsers,javax.xml.soap,javax.xml.stream,javax.xml.stream.events,javax.xml.stream.util,javax.xml.transform,javax.xml.transform.dom,javax.xml.transform.sax,javax.xml.transform.stax,javax.xml.transform.stream,javax.xml.validation,javax.xml.ws,javax.xml.ws.handler,javax.xml.ws.handler.soap,javax.xml.ws.http,javax.xml.ws.soap,javax.xml.ws.spi,javax.xml.ws.spi.http,javax.xml.ws.wsaddressing,javax.xml.xpath,org.ietf.jgss,org.omg.CORBA,org.omg.CORBA_2_3,org.omg.CORBA_2_3.portable,org.omg.CORBA.DynAnyPackage,org.omg.CORBA.ORBPackage,org.omg.CORBA.portable,org.omg.CORBA.TypeCodePackage,org.omg.CosNaming,org.omg.CosNaming.NamingContextExtPackage,org.omg.CosNaming.NamingContextPackage,org.omg.Dynamic,org.omg.DynamicAny,org.omg.DynamicAny.DynAnyFactoryPackage,org.omg.DynamicAny.DynAnyPackage,org.omg.IOP,org.omg.IOP.CodecFactoryPackage,org.omg.IOP.CodecPackage,org.omg.Messaging,org.omg.PortableInterceptor,org.omg.PortableInterceptor.ORBInitInfoPackage,org.omg.PortableServer,org.omg.PortableServer.CurrentPackage,org.omg.PortableServer.POAManagerPackage,org.omg.PortableServer.POAPackage,org.omg.PortableServer.portable,org.omg.PortableServer.ServantLocatorPackage,org.omg.SendingContext,org.omg.stub.java.rmi,org.w3c.dom,org.w3c.dom.bootstrap,org.w3c.dom.css,org.w3c.dom.events,org.w3c.dom.html,org.w3c.dom.ls,org.w3c.dom.ranges,org.w3c.dom.stylesheets,org.w3c.dom.traversal,org.w3c.dom.views,org.w3c.dom.xpath,org.xml.sax,org.xml.sax.ext,org.xml.sax.helpers"/>
    <property name="guice.disable.misplaced.annotation.check" value="true"/>
    <property name="eclipse.launcher" value="C:\JbossDevStudio\studio\jbdevstudio.exe"/>
    <property name="org.eclipse.update.resolution_url" value=""/>
    <property name="eclipse.launcher.name" value="Jbdevstudio"/>
    <property name="osgi.frameworkClassPath" value="., file:c:/JbossDevStudio/studio/plugins/org.eclipse.osgi.compatibility.state_1.0.1.v20140709-1414.jar"/>
    <property name="equinox.use.ds" value="true"/>
    <property name="org.osgi.framework.language" value="en"/>
    <property name="user.language" value="en"/>
    <property name="org.osgi.framework.processor" value="x86-64"/>
    <property name="osgi.syspath" value="c:\JbossDevStudio\studio\plugins"/>
    <property name="sun.boot.library.path" value="C:\Java\jdk1.8.0_60\jre\bin"/>
    <property name="org.osgi.framework.system.capabilities" value="osgi.ee; osgi.ee=&quot;OSGi/Minimum&quot;; version:List&lt;Version&gt;=&quot;1.0, 1.1, 1.2&quot;,osgi.ee; osgi.ee=&quot;JRE&quot;; version:List&lt;Version&gt;=&quot;1.0, 1.1&quot;,osgi.ee; osgi.ee=&quot;JavaSE&quot;; version:List&lt;Version&gt;=&quot;1.0, 1.1, 1.2, 1.3, 1.4, 1.5, 1.6, 1.7, 1.8&quot;,osgi.ee; osgi.ee=&quot;JavaSE/compact1&quot;; version:List&lt;Version&gt;=&quot;1.8&quot;,osgi.ee; osgi.ee=&quot;JavaSE/compact2&quot;; version:List&lt;Version&gt;=&quot;1.8&quot;,osgi.ee; osgi.ee=&quot;JavaSE/compact3&quot;; version:List&lt;Version&gt;=&quot;1.8&quot;"/>
    <property name="osgi.compatibility.bootdelegation" value="true"/>
    <property name="java.version" value="1.8.0_60"/>
    <property name="org.osgi.framework.os.name" value="Windows 10"/>
    <property name="user.timezone" value="Australia/Sydney"/>
    <property name="sun.arch.data.model" value="64"/>
    <property name="osgi.bundles" value="reference:file:org.eclipse.osgi.compatibility.state_1.0.1.v20140709-1414.jar,reference:file:org.eclipse.equinox.simpleconfigurator_1.1.0.v20131217-1203.jar@1:start"/>
    <property name="java.endorsed.dirs" value="C:\Java\jdk1.8.0_60\jre\lib\endorsed"/>
    <property name="osgi.tracefile" value="C:\JBoss\Workspaces\.metadata\trace.log"/>
    <property name="sun.cpu.isalist" value="amd64"/>
    <property name="sun.jnu.encoding" value="Cp1252"/>
    <property name="eclipse.application" value="org.eclipse.ui.ide.workbench"/>
    <property name="file.encoding.pkg" value="sun.io"/>
    <property name="org.osgi.framework.vendor" value="Eclipse"/>
    <property name="file.separator" value="\"/>
    <property name="java.specification.name" value="Java Platform API Specification"/>
    <property name="org.apache.maven.user-settings" value="C:\maven\apache-maven-3.3.3\conf\settings.xml"/>
    <property name="java.class.version" value="52.0"/>
    <property name="user.country" value="NZ"/>
    <property name="org.eclipse.equinox.launcher.splash.location" value="c:\JbossDevStudio\studio\configuration\org.eclipse.equinox.launcher\com.jboss.devstudio.core_8.1.0.GA-v20150327-1349-B467\splash.bmp"/>
    <property name="java.home" value="C:\Java\jdk1.8.0_60\jre"/>
    <property name="osgi.os" value="win32"/>
    <property name="eclipse.commands" value="-os&#10;win32&#10;-ws&#10;win32&#10;-arch&#10;x86_64&#10;-showsplash&#10;-launcher&#10;C:\JbossDevStudio\studio\jbdevstudio.exe&#10;-name&#10;Jbdevstudio&#10;--launcher.library&#10;C:\JbossDevStudio\studio\\plugins/org.eclipse.equinox.launcher.win32.win32.x86_64_1.1.200.v20150204-1316\eclipse_1608.dll&#10;-startup&#10;C:\JbossDevStudio\studio\\plugins/org.eclipse.equinox.launcher_1.3.0.v20140415-2008.jar&#10;--launcher.overrideVmargs&#10;-exitdata&#10;11e4_bc&#10;-product&#10;com.jboss.devstudio.core.product&#10;-vm&#10;C:/Java/jdk1.8.0_60/bin/javaw.exe&#10;"/>
    <property name="java.vm.info" value="mixed mode"/>
    <property name="osgi.splashLocation" value="c:\JbossDevStudio\studio\configuration\org.eclipse.equinox.launcher\com.jboss.devstudio.core_8.1.0.GA-v20150327-1349-B467\splash.bmp"/>
    <property name="os.version" value="10.0"/>
    <property name="osgi.arch" value="x86_64"/>
    <property name="path.separator" value=";"/>
    <property name="java.vm.version" value="25.60-b23"/>
    <property name="org.osgi.supports.framework.fragment" value="true"/>
    <property name="user.variant" value=""/>
    <property name="osgi.framework.shape" value="jar"/>
    <property name="org.jboss.tools.resolved.remote.properties" value="examples.categories.url|devstudio|8=http://download.jboss.org/jbosstools/examples/project-examples-category-jbds-8.0.xml&#10;=======&#10;jboss.central.webpage.url|devstudio|8=https://repository.jboss.org/nexus/service/local/artifact/maven/redirect?r=public-jboss&amp;g=org.jboss.tools.central&amp;a=jbosstools-central-webpage&amp;v=0.0.1-SNAPSHOT&amp;e=zip&amp;mustEndWith=.zip&#10;maven.examples.url|devstudio|8=http://download.jboss.org/jbosstools/examples/project-examples-jbds80.xml&#10;jboss.discovery.site.url|devstudio|8=https://devstudio.redhat.com/updates/8.0/&#10;jboss.discovery.directory.url|devstudio|8=https://devstudio.redhat.com/updates/8.0/devstudio-directory.xml&#10;jboss.discovery.earlyaccess.site.url|devstudio|8=https://devstudio.redhat.com/earlyaccess/8.0/&#10;jboss.discovery.site.integration-stack.url|devstudio|8=https://devstudio.redhat.com/updates/8.0/&#10;jboss.discovery.site.integration-stack-sap.url|devstudio|8=https://devstudio.redhat.com/updates/8.0/integration-stack/extras/&#10;openshift.userdoc.url=http://tools.jboss.org/documentation/howto/openshift3_getting_started.html&#10;buzz.feed.url=http://planet.jboss.org/feeds/buzz&#10;jboss.discovery.earlyaccess.list.url|devstudio|8=https://devstudio.redhat.com/updates/8.0/devstudio-earlyaccess.properties&#10;quickstarts.search.query|devstudio|8=http://dcp.jboss.org/v1/rest/search?content_provider=jboss-developer&amp;content_provider=rht&amp;field=target_product&amp;field=github_repo_url&amp;field=sys_description&amp;field=sys_title&amp;field=sys_tags&amp;field=sys_type&amp;field=experimental&amp;field=git_download&amp;field=prerequisites&amp;field=quickstart_id&amp;field=git_tag&amp;field=git_commit&amp;query=sys_type:(quickstart)&amp;size=500&#10;community.examples.url|devstudio|8=http://download.jboss.org/jbosstools/examples/project-examples-community-4.2.Beta2.xml&#10;jboss.discovery.site.integration-stack-sap.feature=org.fusesource.ide.sap.feature.feature.group&#10;featured.examples.url|devstudio|8=http://download.jboss.org/jbosstools/examples/project-examples-shared-4.2.GA.xml&#10;jboss.discovery.earlyaccess.site.integration-stack.url|devstudio|8=https://devstudio.redhat.com/earlyaccess/8.0/&#10;portal.examples.url|devstudio|8=http://download.jboss.org/gatein/quickstarts/jboss-portal-6.2/project-examples-jboss-portal6.2-jbds8.0-001.xml&#10;"/>
    <property name="java.awt.printerjob" value="sun.awt.windows.WPrinterJob"/>
    <property name="osgi.instance.area.default" value="file:/C:/Users/zolta_000/workspace/"/>
    <property name="sun.io.unicode.encoding" value="UnicodeLittle"/>
    <property name="org.osgi.framework.version" value="1.8.0"/>
    <property name="awt.toolkit" value="sun.awt.windows.WToolkit"/>
    <property name="user.script" value=""/>
    <property name="eclipse.stateSaveDelayInterval" value="30000"/>
    <property name="osgi.install.area" value="file:/C:/JbossDevStudio/studio/"/>
    <property name="osgi.framework" value="file:/c:/JbossDevStudio/studio/plugins/org.eclipse.osgi_3.10.2.v20150203-1939.jar"/>
    <property name="user.home" value="C:\Users\zolta_000"/>
    <property name="org.eclipse.equinox.simpleconfigurator.configUrl" value="file:org.eclipse.equinox.simpleconfigurator/bundles.info"/>
    <property name="osgi.splashPath" value="platform:/base/plugins/com.jboss.devstudio.core"/>
    <property name="osgi.framework.useSystemProperties" value="true"/>
    <property name="java.specification.vendor" value="Oracle Corporation"/>
    <property name="osgi.nl" value="en_NZ"/>
    <property name="java.vendor.url" value="http://java.oracle.com/"/>
    <property name="java.library.path" value="C:\Java\jdk1.8.0_60\bin;C:\WINDOWS\Sun\Java\bin;C:\WINDOWS\system32;C:\WINDOWS;C:\oraclexe\app\oracle\product\11.2.0\server\bin;;C:\Program Files (x86)\IBM\WebSphere MQ\java\lib;C:\Program Files (x86)\IBM\WebSphere MQ\java\lib64;C:\ProgramData\Oracle\Java\javapath;C:\Program Files (x86)\Intel\iCLS Client\;C:\Program Files\Intel\iCLS Client\;C:\WINDOWS\system32;C:\WINDOWS;C:\WINDOWS\System32\Wbem;C:\WINDOWS\System32\WindowsPowerShell\v1.0\;C:\Program Files\Intel\Intel(R) Management Engine Components\DAL;C:\Program Files\Intel\Intel(R) Management Engine Components\IPT;C:\Program Files (x86)\Intel\Intel(R) Management Engine Components\DAL;C:\Program Files (x86)\Intel\Intel(R) Management Engine Components\IPT;C:\maven\apache-maven-3.3.3\bin;C:\Program Files\Intel\WiFi\bin\;C:\Program Files\Common Files\Intel\WirelessCommon\;C:\Program Files (x86)\IBM\WebSphere MQ\bin64;C:\Program Files (x86)\IBM\WebSphere MQ\bin;C:\Program Files (x86)\MySQL\MySQL Fabric 1.5 &amp; MySQL Utilities 1.5\;C:\Program Files (x86)\MySQL\MySQL Fabric 1.5 &amp; MySQL Utilities 1.5\Doctrine extensions for PHP\;C:\HashiCorp\Vagrant\bin;C:\Program Files (x86)\Skype\Phone\;C:\Program Files\Mercurial\;C:\Program Files\Intel\WiFi\bin\;C:\Program Files\Common Files\Intel\WirelessCommon\;."/>
    <property name="eclipse.startTime" value="1470046187587"/>
    <property name="eclipse.p2.data.area" value="@config.dir/../p2/"/>
    <property name="org.osgi.framework.os.version" value="10.0.0"/>
    <property name="java.vm.vendor" value="Oracle Corporation"/>
    <property name="java.runtime.name" value="Java(TM) SE Runtime Environment"/>
    <property name="java.class.path" value="C:\JbossDevStudio\studio\\plugins/org.eclipse.equinox.launcher_1.3.0.v20140415-2008.jar"/>
    <property name="sun.java.command" value="C:\JbossDevStudio\studio\\plugins/org.eclipse.equinox.launcher_1.3.0.v20140415-2008.jar -os win32 -ws win32 -arch x86_64 -showsplash -launcher C:\JbossDevStudio\studio\jbdevstudio.exe -name Jbdevstudio --launcher.library C:\JbossDevStudio\studio\\plugins/org.eclipse.equinox.launcher.win32.win32.x86_64_1.1.200.v20150204-1316\eclipse_1608.dll -startup C:\JbossDevStudio\studio\\plugins/org.eclipse.equinox.launcher_1.3.0.v20140415-2008.jar --launcher.overrideVmargs -exitdata 11e4_bc -product com.jboss.devstudio.core.product -vm C:/Java/jdk1.8.0_60/bin/javaw.exe -vmargs -Xms512m -Xmx1024m -Dosgi.instance.area.default=@user.home/workspace -jar C:\JbossDevStudio\studio\\plugins/org.eclipse.equinox.launcher_1.3.0.v20140415-2008.jar"/>
    <property name="org.eclipse.update.reconcile" value="false"/>
    <property name="eclipse.vm" value="C:/Java/jdk1.8.0_60/bin/javaw.exe"/>
    <property name="java.vm.specification.name" value="Java Virtual Machine Specification"/>
    <property name="java.vm.specification.version" value="1.8"/>
    <property name="sun.os.patch.level" value=""/>
    <property name="sun.cpu.endian" value="little"/>
    <property name="gosh.args" value="--nointeractive"/>
    <property name="product.home" value="/C:/JbossDevStudio/studio/plugins/org.jboss.tools.common.model_3.6.2.Final-v20150325-0456-B99/"/>
    <property name="java.io.tmpdir" value="C:\Users\ZOLTA_~1\AppData\Local\Temp\"/>
    <property name="java.vendor.url.bug" value="http://bugreport.sun.com/bugreport/"/>
    <property name="applicationXMI" value="org.eclipse.ui.workbench/LegacyIDE.e4xmi"/>
    <property name="eclipse.product" value="com.jboss.devstudio.core.product"/>
    <property name="eclipse.home.location" value="file:/C:/JbossDevStudio/studio/"/>
    <property name="java.awt.graphicsenv" value="sun.awt.Win32GraphicsEnvironment"/>
    <property name="os.arch" value="amd64"/>
    <property name="java.ext.dirs" value="C:\Java\jdk1.8.0_60\jre\lib\ext;C:\WINDOWS\Sun\Java\lib\ext"/>
    <property name="user.dir" value="C:\JbossDevStudio\studio"/>
    <property name="org.osgi.supports.framework.requirebundle" value="true"/>
    <property name="line.separator" value="&#10;"/>
    <property name="java.vm.name" value="Java HotSpot(TM) 64-Bit Server VM"/>
    <property name="J2EEcache" value=""/>
    <property name="file.encoding" value="Cp1252"/>
    <property name="eclipse.vmargs" value="-Xms512m&#10;-Xmx1024m&#10;-Dosgi.instance.area.default=@user.home/workspace&#10;-jar&#10;C:\JbossDevStudio\studio\\plugins/org.eclipse.equinox.launcher_1.3.0.v20140415-2008.jar&#10;"/>
    <property name="java.specification.version" value="1.8"/>
    <property name="org.osgi.framework.executionenvironment" value="OSGi/Minimum-1.0,OSGi/Minimum-1.1,OSGi/Minimum-1.2,JavaSE/compact1-1.8,JavaSE/compact2-1.8,JavaSE/compact3-1.8,JRE-1.1,J2SE-1.2,J2SE-1.3,J2SE-1.4,J2SE-1.5,JavaSE-1.6,JavaSE-1.7,JavaSE-1.8"/>
    <property name="osgi.configuration.area" value="file:/C:/JbossDevStudio/studio/configuration/"/>
    <property name="osgi.logfile" value="C:\JBoss\Workspaces\.metadata\.log"/>
  </properties>
  <testcase name="testRoute" classname="com.mycompany.camel.blueprint.RouteTest" time="0">
    <skipped/>
  </testcase>
</testsuite>